<?xml version="1.0" encoding="UTF-8"?>
<messaging-deployment xmlns="urn:jboss:messaging-deployment:1.0">
   <hornetq-server>
      <jms-destinations>
            <jms-queue name="SpringTestQueue">
                <entry name="jms/queue/SpringTestQueue"/>
                <entry name="java:jboss/exported/jms/queue/SpringTestQueue"/>
                <durable>false</durable>
            </jms-queue>
            <jms-queue name="SpringTestOtherQueue">
                <entry name="jms/queue/SpringTestOtherQueue"/>
                <entry name="java:jboss/exported/jms/queue/SpringTestOtherQueue"/>
                <durable>false</durable>
            </jms-queue>
      </jms-destinations>
   </hornetq-server>
</messaging-deployment>